


ARM Macro Assembler    Page 1 


    1 00000000                 PRESERVE8
    2 00000000                 THUMB
    3 00000000                 AREA             |.text|, CODE, READONLY
    4 00000000         LLD_EVT_DRIFT_COMPUTE_PATCH
                               PROC
    5 00000000                 EXPORT           LLD_EVT_DRIFT_COMPUTE_PATCH
    6 00000000                 IMPORT           lld_evt_drift_compute_patch
    7 00000000 F7FF FFFE       BL               lld_evt_drift_compute_patch
    8 00000004 9A01            LDR              r2,[sp,#4]
    9 00000006 B002            ADD              sp,sp,#8
   10 00000008 4710            BX               r2
   11 0000000A         
   12 0000000A                 ENDP
   13 0000000A         
   14 0000000A                 END
Command Line: --debug --xref --diag_suppress=9931 --cpu=Cortex-M0+ --apcs=inter
work --depend=.\objects\rc32k_patch_asm.d -o.\objects\rc32k_patch_asm.o -INone 
-IF:\项目\蓝牙MESH应用(蓝牙网关)\项目工程（201911280936）\JMESH_SDK_V2.5.0_V1.5
_Slave\RTE -IC:\Keil_v5\ARM\PACK\ARM\CMSIS\4.2.0\Device\ARM\ARMCM0plus\Include 
-IC:\Keil_v5\ARM\CMSIS\Include --predefine="__MICROLIB SETA 1" --predefine="__U
VISION_VERSION SETA 514" --predefine="ARMCM0P SETA 1" --list=.\listings\rc32k_p
atch_asm.lst plf\apollo_00\src\patch_list\armcc\rc32k_patch_asm.s



ARM Macro Assembler    Page 1 Alphabetic symbol ordering
Relocatable symbols

.text 00000000

Symbol: .text
   Definitions
      At line 3 in file plf\apollo_00\src\patch_list\armcc\rc32k_patch_asm.s
   Uses
      None
Comment: .text unused
LLD_EVT_DRIFT_COMPUTE_PATCH 00000000

Symbol: LLD_EVT_DRIFT_COMPUTE_PATCH
   Definitions
      At line 4 in file plf\apollo_00\src\patch_list\armcc\rc32k_patch_asm.s
   Uses
      At line 5 in file plf\apollo_00\src\patch_list\armcc\rc32k_patch_asm.s
Comment: LLD_EVT_DRIFT_COMPUTE_PATCH used once
2 symbols



ARM Macro Assembler    Page 1 Alphabetic symbol ordering
External symbols

lld_evt_drift_compute_patch 00000000

Symbol: lld_evt_drift_compute_patch
   Definitions
      At line 6 in file plf\apollo_00\src\patch_list\armcc\rc32k_patch_asm.s
   Uses
      At line 7 in file plf\apollo_00\src\patch_list\armcc\rc32k_patch_asm.s
Comment: lld_evt_drift_compute_patch used once
1 symbol
336 symbols in table
