


ARM Macro Assembler    Page 1 


    1 00000000                 PRESERVE8
    2 00000000                 THUMB
    3 00000000                 AREA             |n_xip_section|, CODE, READONLY
    4 00000000                 FRAME            UNWIND ON
    5 00000000         SVC_Handler
                               PROC
    6 00000000                 EXPORT           SVC_Handler
    7 00000000                 IMPORT           SVC_Handler_C
    8 00000000 2004            MOVS             R0,#4
    9 00000002 4671            MOV              R1,LR
   10 00000004 4208            TST              R0,R1
   11 00000006 D002            BEQ              stacking_used_MSP
   12 00000008 F3EF 8009       MRS              R0,PSP
   13 0000000C E001            B                SVC_C_Routine
   14 0000000E         stacking_used_MSP
   15 0000000E F3EF 8008       MRS              R0,MSP
   16 00000012         SVC_C_Routine
   17 00000012 4901            LDR              R1,=SVC_Handler_C
   18 00000014 4708            BX               R1
   19 00000016 00 00           ALIGN
   20 00000018                 ENDP
   21 00000018         
   22 00000018                 END
              00000000 
Command Line: --debug --xref --diag_suppress=9931 --cpu=Cortex-M0+ --apcs=inter
work --depend=.\objects\svcall_asm.d -o.\objects\svcall_asm.o -INone -IF:\项目\
蓝牙MESH应用(蓝牙网关)\项目工程（201911280936）\JMESH_SDK_V2.5.0_V1.5_Slave\RTE
 -IC:\Keil_v5\ARM\PACK\ARM\CMSIS\4.2.0\Device\ARM\ARMCM0plus\Include -IC:\Keil_
v5\ARM\CMSIS\Include --predefine="__MICROLIB SETA 1" --predefine="__UVISION_VER
SION SETA 514" --predefine="ARMCM0P SETA 1" --list=.\listings\svcall_asm.lst pl
f\apollo_00\src\svcall\armcc\svcall_asm.s



ARM Macro Assembler    Page 1 Alphabetic symbol ordering
Relocatable symbols

SVC_C_Routine 00000012

Symbol: SVC_C_Routine
   Definitions
      At line 16 in file plf\apollo_00\src\svcall\armcc\svcall_asm.s
   Uses
      At line 13 in file plf\apollo_00\src\svcall\armcc\svcall_asm.s
Comment: SVC_C_Routine used once
SVC_Handler 00000000

Symbol: SVC_Handler
   Definitions
      At line 5 in file plf\apollo_00\src\svcall\armcc\svcall_asm.s
   Uses
      At line 6 in file plf\apollo_00\src\svcall\armcc\svcall_asm.s
Comment: SVC_Handler used once
n_xip_section 00000000

Symbol: n_xip_section
   Definitions
      At line 3 in file plf\apollo_00\src\svcall\armcc\svcall_asm.s
   Uses
      None
Comment: n_xip_section unused
stacking_used_MSP 0000000E

Symbol: stacking_used_MSP
   Definitions
      At line 14 in file plf\apollo_00\src\svcall\armcc\svcall_asm.s
   Uses
      At line 11 in file plf\apollo_00\src\svcall\armcc\svcall_asm.s
Comment: stacking_used_MSP used once
4 symbols



ARM Macro Assembler    Page 1 Alphabetic symbol ordering
External symbols

SVC_Handler_C 00000000

Symbol: SVC_Handler_C
   Definitions
      At line 7 in file plf\apollo_00\src\svcall\armcc\svcall_asm.s
   Uses
      At line 17 in file plf\apollo_00\src\svcall\armcc\svcall_asm.s
Comment: SVC_Handler_C used once
1 symbol
340 symbols in table
