


ARM Macro Assembler    Page 1 


    1 00000000                 PRESERVE8
    2 00000000                 THUMB
    3 00000000                 AREA             |.text|, CODE, READONLY
    4 00000000         
    5 00000000         GET_TASK_FROM_ID_PATCH
                               PROC
    6 00000000                 EXPORT           GET_TASK_FROM_ID_PATCH
    7 00000000                 IMPORT           gapm_get_task_from_id_patch
    8 00000000 F7FF FFFE       BL               gapm_get_task_from_id_patch
    9 00000004 BD10            POP              {r4,pc}
   10 00000006                 ENDP
   11 00000006         
   12 00000006         GET_ID_FROM_TASK_PATCH
                               PROC
   13 00000006                 EXPORT           GET_ID_FROM_TASK_PATCH
   14 00000006                 IMPORT           gapm_get_id_from_task_patch
   15 00000006 F7FF FFFE       BL               gapm_get_id_from_task_patch
   16 0000000A BD10            POP              {r4,pc}
   17 0000000C                 ENDP
   18 0000000C         
   19 0000000C                 END
Command Line: --debug --xref --diag_suppress=9931 --cpu=Cortex-M0+ --apcs=inter
work --depend=.\objects\task_id_patch_asm.d -o.\objects\task_id_patch_asm.o -IN
one -IF:\项目\蓝牙MESH应用(蓝牙网关)\项目工程（201911280936）\JMESH_SDK_V2.5.0_
V1.5_Slave\RTE -IC:\Keil_v5\ARM\PACK\ARM\CMSIS\4.2.0\Device\ARM\ARMCM0plus\Incl
ude -IC:\Keil_v5\ARM\CMSIS\Include --predefine="__MICROLIB SETA 1" --predefine=
"__UVISION_VERSION SETA 514" --predefine="ARMCM0P SETA 1" --list=.\listings\tas
k_id_patch_asm.lst plf\apollo_00\src\patch_list\armcc\task_id_patch_asm.s



ARM Macro Assembler    Page 1 Alphabetic symbol ordering
Relocatable symbols

.text 00000000

Symbol: .text
   Definitions
      At line 3 in file plf\apollo_00\src\patch_list\armcc\task_id_patch_asm.s
   Uses
      None
Comment: .text unused
GET_ID_FROM_TASK_PATCH 00000006

Symbol: GET_ID_FROM_TASK_PATCH
   Definitions
      At line 12 in file plf\apollo_00\src\patch_list\armcc\task_id_patch_asm.s
   Uses
      At line 13 in file plf\apollo_00\src\patch_list\armcc\task_id_patch_asm.s
Comment: GET_ID_FROM_TASK_PATCH used once
GET_TASK_FROM_ID_PATCH 00000000

Symbol: GET_TASK_FROM_ID_PATCH
   Definitions
      At line 5 in file plf\apollo_00\src\patch_list\armcc\task_id_patch_asm.s
   Uses
      At line 6 in file plf\apollo_00\src\patch_list\armcc\task_id_patch_asm.s
Comment: GET_TASK_FROM_ID_PATCH used once
3 symbols



ARM Macro Assembler    Page 1 Alphabetic symbol ordering
External symbols

gapm_get_id_from_task_patch 00000000

Symbol: gapm_get_id_from_task_patch
   Definitions
      At line 14 in file plf\apollo_00\src\patch_list\armcc\task_id_patch_asm.s
   Uses
      At line 15 in file plf\apollo_00\src\patch_list\armcc\task_id_patch_asm.s
Comment: gapm_get_id_from_task_patch used once
gapm_get_task_from_id_patch 00000000

Symbol: gapm_get_task_from_id_patch
   Definitions
      At line 7 in file plf\apollo_00\src\patch_list\armcc\task_id_patch_asm.s
   Uses
      At line 8 in file plf\apollo_00\src\patch_list\armcc\task_id_patch_asm.s
Comment: gapm_get_task_from_id_patch used once
2 symbols
338 symbols in table
